[debug] [2024-07-10T16:15:22.835Z] ----------------------------------------------------------------------
[debug] [2024-07-10T16:15:22.839Z] Command:       D:\Practicals\NodeJS Setup Folder\node.exe C:\Users\DELL\AppData\Roaming\npm\node_modules\firebase-tools\lib\bin\firebase.js init firestore
[debug] [2024-07-10T16:15:22.839Z] CLI Version:   13.13.1
[debug] [2024-07-10T16:15:22.839Z] Platform:      win32
[debug] [2024-07-10T16:15:22.839Z] Node Version:  v20.10.0
[debug] [2024-07-10T16:15:22.840Z] Time:          Wed Jul 10 2024 21:45:22 GMT+0530 (India Standard Time)
[debug] [2024-07-10T16:15:22.840Z] ----------------------------------------------------------------------
[debug] 
[debug] [2024-07-10T16:15:22.907Z] > command requires scopes: ["email","openid","https://www.googleapis.com/auth/cloudplatformprojects.readonly","https://www.googleapis.com/auth/firebase","https://www.googleapis.com/auth/cloud-platform"]
[debug] [2024-07-10T16:15:22.907Z] > authorizing via signed-in user (hasindu.learn.online@gmail.com)
[info] 
     ######## #### ########  ######## ########     ###     ######  ########
     ##        ##  ##     ## ##       ##     ##  ##   ##  ##       ##
     ######    ##  ########  ######   ########  #########  ######  ######
     ##        ##  ##    ##  ##       ##     ## ##     ##       ## ##
     ##       #### ##     ## ######## ########  ##     ##  ######  ########

You're about to initialize a Firebase project in this directory:

  D:\Practice\Vue JS\image-upload

Before we get started, keep in mind:

  * You are initializing within an existing Firebase project directory

[info] 
=== Project Setup
[info] 
[info] First, let's associate this project directory with a Firebase project.
[info] You can create multiple project aliases by running firebase use --add, 
[info] but for now we'll just set up a default project.
[info] 
[debug] [2024-07-10T16:15:25.392Z] Using project from CLI flag: testing-photo-upload-8e9fc
[debug] [2024-07-10T16:15:25.393Z] >>> [apiv2][query] GET https://firebase.googleapis.com/v1beta1/projects/testing-photo-upload-8e9fc [none]
[debug] [2024-07-10T16:15:26.111Z] <<< [apiv2][status] GET https://firebase.googleapis.com/v1beta1/projects/testing-photo-upload-8e9fc 401
[debug] [2024-07-10T16:15:26.111Z] <<< [apiv2][body] GET https://firebase.googleapis.com/v1beta1/projects/testing-photo-upload-8e9fc {"error":{"code":401,"message":"Request had invalid authentication credentials. Expected OAuth 2 access token, login cookie or other valid authentication credential. See https://developers.google.com/identity/sign-in/web/devconsole-project.","status":"UNAUTHENTICATED"}}
[debug] [2024-07-10T16:15:26.111Z] HTTP Error: 401, Request had invalid authentication credentials. Expected OAuth 2 access token, login cookie or other valid authentication credential. See https://developers.google.com/identity/sign-in/web/devconsole-project.
[debug] [2024-07-10T16:15:26.447Z] FirebaseError: HTTP Error: 401, Request had invalid authentication credentials. Expected OAuth 2 access token, login cookie or other valid authentication credential. See https://developers.google.com/identity/sign-in/web/devconsole-project.
    at responseToError (C:\Users\DELL\AppData\Roaming\npm\node_modules\firebase-tools\lib\responseToError.js:49:12)
    at RetryOperation._fn (C:\Users\DELL\AppData\Roaming\npm\node_modules\firebase-tools\lib\apiv2.js:305:77)
    at process.processTicksAndRejections (node:internal/process/task_queues:95:5)
[error] 
[error] Error: Failed to get Firebase project testing-photo-upload-8e9fc. Please make sure the project exists and your account has permission to access it.
